<?xml version="1.0" encoding="UTF-8"?>
<!-- Generated by org.testng.reporters.JUnitReportReporter -->
<testsuite hostname="Admin-PC" name="com.appium.android.Tests.DialCallNumbersTest" tests="1" failures="0" timestamp="17 Jan 2020 16:32:55 GMT" time="83.517" errors="0">
  <testcase name="dialCallNumbersTest" time="83.517" classname="com.appium.android.Tests.DialCallNumbersTest"/>
</testsuite> <!-- com.appium.android.Tests.DialCallNumbersTest -->
