<?xml version="1.0" encoding="UTF-8"?>
<!-- Generated by org.testng.reporters.JUnitReportReporter -->
<testsuite hostname="Admin-PC" name="com.appium.android.Tests.VerticalScrollingTest" tests="1" failures="0" timestamp="17 Jan 2020 16:54:25 GMT" time="70.505" errors="0">
  <testcase name="verticalScrollingTest" time="70.505" classname="com.appium.android.Tests.VerticalScrollingTest"/>
</testsuite> <!-- com.appium.android.Tests.VerticalScrollingTest -->
