<?xml version="1.0" encoding="UTF-8"?>
<!-- Generated by org.testng.reporters.JUnitReportReporter -->
<testsuite hostname="Admin-PC" name="com.appium.android.Tests.DialCallNumbersTest" tests="1" failures="0" timestamp="14 Jan 2020 19:13:00 GMT" time="82.841" errors="0">
  <testcase name="dialCallNumbersTest" time="82.841" classname="com.appium.android.Tests.DialCallNumbersTest"/>
</testsuite> <!-- com.appium.android.Tests.DialCallNumbersTest -->
