<?xml version="1.0" encoding="UTF-8"?>
<!-- Generated by org.testng.reporters.JUnitReportReporter -->
<testsuite hostname="Admin-PC" name="com.appium.android.Tests.SendMessageTest" tests="1" failures="0" timestamp="21 Jan 2020 16:33:37 GMT" time="91.009" errors="0">
  <testcase name="sendMessageTest" time="91.009" classname="com.appium.android.Tests.SendMessageTest"/>
</testsuite> <!-- com.appium.android.Tests.SendMessageTest -->
