<?xml version="1.0" encoding="UTF-8"?>
<!-- Generated by org.testng.reporters.JUnitReportReporter -->
<testsuite hostname="Admin-PC" name="com.appium.android.Tests.CalculatorTest" tests="2" failures="0" timestamp="21 Jan 2020 17:03:47 GMT" time="59.224" errors="0">
  <testcase name="multiplicationOfTwoNumbersTest" time="29.718" classname="com.appium.android.Tests.CalculatorTest"/>
  <testcase name="additionOfTwoNumbersTest" time="29.506" classname="com.appium.android.Tests.CalculatorTest"/>
</testsuite> <!-- com.appium.android.Tests.CalculatorTest -->
