<?xml version="1.0" encoding="UTF-8"?>
<!-- Generated by org.testng.reporters.JUnitReportReporter -->
<testsuite hostname="Admin-PC" name="com.appium.android.Tests.VerticalScrollingTest" tests="1" failures="0" timestamp="9 Jan 2020 16:47:18 GMT" time="52.321" errors="0">
  <testcase name="verticalScrollingTest" time="52.321" classname="com.appium.android.Tests.VerticalScrollingTest"/>
</testsuite> <!-- com.appium.android.Tests.VerticalScrollingTest -->
