<?xml version="1.0" encoding="UTF-8"?>
<!-- Generated by org.testng.reporters.JUnitReportReporter -->
<testsuite hostname="Admin-PC" name="com.appium.android.Tests.SendMessageTest" tests="1" failures="0" timestamp="10 Jan 2020 17:21:41 GMT" time="75.504" errors="0">
  <testcase name="sendMessageTest" time="75.504" classname="com.appium.android.Tests.SendMessageTest"/>
</testsuite> <!-- com.appium.android.Tests.SendMessageTest -->
