<?xml version="1.0" encoding="UTF-8"?>
<!-- Generated by org.testng.reporters.JUnitReportReporter -->
<testsuite hostname="Admin-PC" name="com.appium.APIDemoTests.ScrollUpDownTest" tests="1" failures="0" timestamp="7 Jan 2020 16:26:43 GMT" time="48.201" errors="0">
  <testcase name="scrollUpDownTest" time="48.201" classname="com.appium.APIDemoTests.ScrollUpDownTest"/>
</testsuite> <!-- com.appium.APIDemoTests.ScrollUpDownTest -->
