<?xml version="1.0" encoding="UTF-8"?>
<!-- Generated by org.testng.reporters.JUnitReportReporter -->
<testsuite hostname="Admin-PC" name="com.appium.android.Tests.AndroidUIAutomatorLocatorTest" tests="1" failures="0" timestamp="15 Jan 2020 17:42:32 GMT" time="29.992" errors="0">
  <testcase name="androidUIAutomatorLocatorTest" time="29.992" classname="com.appium.android.Tests.AndroidUIAutomatorLocatorTest"/>
</testsuite> <!-- com.appium.android.Tests.AndroidUIAutomatorLocatorTest -->
