<?xml version="1.0" encoding="UTF-8"?>
<!-- Generated by org.testng.reporters.JUnitReportReporter -->
<testsuite hostname="Admin-PC" name="com.appium.android.Tests.TappingTest" tests="1" failures="0" timestamp="21 Jan 2020 15:14:21 GMT" time="28.268" errors="0">
  <testcase name="tappingTest" time="28.268" classname="com.appium.android.Tests.TappingTest"/>
</testsuite> <!-- com.appium.android.Tests.TappingTest -->
