<?xml version="1.0" encoding="UTF-8"?>
<!-- Generated by org.testng.reporters.JUnitReportReporter -->
<testsuite hostname="Admin-PC" name="com.appium.android.Tests.DialNumbersTest" tests="1" failures="0" timestamp="9 Jan 2020 17:12:25 GMT" time="78.399" errors="0">
  <testcase name="dialNumbersTest" time="78.399" classname="com.appium.android.Tests.DialNumbersTest"/>
</testsuite> <!-- com.appium.android.Tests.DialNumbersTest -->
