<?xml version="1.0" encoding="UTF-8"?>
<!-- Generated by org.testng.reporters.JUnitReportReporter -->
<testsuite hostname="Admin-PC" name="com.appium.CalculatorTests.CalculatorTest" tests="2" failures="0" timestamp="7 Jan 2020 15:50:53 GMT" time="42.840" errors="0">
  <testcase name="multiplicationOfTwoNumbers" time="23.301" classname="com.appium.CalculatorTests.CalculatorTest"/>
  <testcase name="additionOfTwoNumbers" time="19.539" classname="com.appium.CalculatorTests.CalculatorTest"/>
</testsuite> <!-- com.appium.CalculatorTests.CalculatorTest -->
