<?xml version="1.0" encoding="UTF-8"?>
<!-- Generated by org.testng.reporters.JUnitReportReporter -->
<testsuite hostname="Admin-PC" name="com.appium.android.Tests.DialCallNumbersTest" tests="1" failures="0" timestamp="10 Jan 2020 17:02:14 GMT" time="78.199" errors="0">
  <testcase name="dialCallNumbersTest" time="78.199" classname="com.appium.android.Tests.DialCallNumbersTest"/>
</testsuite> <!-- com.appium.android.Tests.DialCallNumbersTest -->
