<?xml version="1.0" encoding="UTF-8"?>
<!-- Generated by org.testng.reporters.JUnitReportReporter -->
<testsuite hostname="Admin-PC" name="com.appium.android.Tests.SendMessageTest" tests="1" failures="0" timestamp="14 Jan 2020 19:13:00 GMT" time="72.621" errors="0">
  <testcase name="sendMessageTest" time="72.621" classname="com.appium.android.Tests.SendMessageTest"/>
</testsuite> <!-- com.appium.android.Tests.SendMessageTest -->
