<?xml version="1.0" encoding="UTF-8"?>
<!-- Generated by org.testng.reporters.JUnitReportReporter -->
<testsuite hostname="Admin-PC" name="com.appium.android.Tests.SwipeTest" tests="1" failures="0" timestamp="17 Jan 2020 17:10:47 GMT" time="40.506" errors="0">
  <testcase name="swipeTest" time="40.506" classname="com.appium.android.Tests.SwipeTest"/>
</testsuite> <!-- com.appium.android.Tests.SwipeTest -->
