<?xml version="1.0" encoding="UTF-8"?>
<!-- Generated by org.testng.reporters.JUnitReportReporter -->
<testsuite hostname="Admin-PC" name="com.appium.android.Tests.LocatorsXpathTest" tests="1" failures="0" timestamp="17 Jan 2020 19:01:26 GMT" time="40.493" errors="0">
  <testcase name="locatorsXpathTest" time="40.493" classname="com.appium.android.Tests.LocatorsXpathTest"/>
</testsuite> <!-- com.appium.android.Tests.LocatorsXpathTest -->
