<?xml version="1.0" encoding="UTF-8"?>
<!-- Generated by org.testng.reporters.JUnitReportReporter -->
<testsuite hostname="Admin-PC" name="com.appium.android.Tests.DragAndDropTest" tests="1" failures="0" timestamp="20 Jan 2020 16:57:30 GMT" time="41.073" errors="0">
  <testcase name="dragAndDropTest" time="41.073" classname="com.appium.android.Tests.DragAndDropTest"/>
</testsuite> <!-- com.appium.android.Tests.DragAndDropTest -->
