<?xml version="1.0" encoding="UTF-8"?>
<!-- Generated by org.testng.reporters.JUnitReportReporter -->
<testsuite hostname="Admin-PC" name="com.appium.android.Tests.LongPressTest" tests="1" failures="0" timestamp="19 Jan 2020 14:17:43 GMT" time="39.161" errors="0">
  <testcase name="longPressTest" time="39.161" classname="com.appium.android.Tests.LongPressTest"/>
</testsuite> <!-- com.appium.android.Tests.LongPressTest -->
