<?xml version="1.0" encoding="UTF-8"?>
<!-- Generated by org.testng.reporters.JUnitReportReporter -->
<testsuite hostname="Admin-PC" name="com.appium.android.Tests.PhoneCallTest" tests="1" failures="0" timestamp="21 Jan 2020 16:42:22 GMT" time="94.846" errors="0">
  <testcase name="phoneCallTest" time="94.846" classname="com.appium.android.Tests.PhoneCallTest"/>
</testsuite> <!-- com.appium.android.Tests.PhoneCallTest -->
