<?xml version="1.0" encoding="UTF-8"?>
<!-- Generated by org.testng.reporters.JUnitReportReporter -->
<testsuite hostname="Admin-PC" name="com.appium.CalculatorTests.OpenCalculatorTest" tests="1" failures="0" timestamp="7 Jan 2020 15:43:05 GMT" time="28.252" errors="0">
  <testcase name="additionOfTwoNumbers" time="28.252" classname="com.appium.CalculatorTests.OpenCalculatorTest"/>
</testsuite> <!-- com.appium.CalculatorTests.OpenCalculatorTest -->
