<?xml version="1.0" encoding="UTF-8"?>
<!-- Generated by org.testng.reporters.JUnitReportReporter -->
<testsuite hostname="Admin-PC" name="com.appium.android.Tests.LongPressTest" tests="1" failures="0" timestamp="17 Jan 2020 16:26:01 GMT" time="30.496" errors="0">
  <testcase name="longPressTest" time="30.496" classname="com.appium.android.Tests.LongPressTest"/>
</testsuite> <!-- com.appium.android.Tests.LongPressTest -->
