<?xml version="1.0" encoding="UTF-8"?>
<!-- Generated by org.testng.reporters.JUnitReportReporter -->
<testsuite hostname="Admin-PC" name="com.appium.android.Tests.SwipeTest" tests="1" failures="0" timestamp="20 Jan 2020 18:17:58 GMT" time="39.880" errors="0">
  <testcase name="swipeTest" time="39.880" classname="com.appium.android.Tests.SwipeTest"/>
</testsuite> <!-- com.appium.android.Tests.SwipeTest -->
