<?xml version="1.0" encoding="UTF-8"?>
<!-- Generated by org.testng.reporters.JUnitReportReporter -->
<testsuite hostname="Admin-PC" name="com.appium.android.Tests.LocatorsXpathTest" tests="1" failures="0" timestamp="15 Jan 2020 11:12:55 GMT" time="34.567" errors="0">
  <testcase name="locatorsXpathTest" time="34.567" classname="com.appium.android.Tests.LocatorsXpathTest"/>
</testsuite> <!-- com.appium.android.Tests.LocatorsXpathTest -->
