<?xml version="1.0" encoding="UTF-8"?>
<!-- Generated by org.testng.reporters.JUnitReportReporter -->
<testsuite hostname="Admin-PC" name="com.appium.android.Tests.TappingTest" tests="1" failures="0" timestamp="17 Jan 2020 16:15:09 GMT" time="30.578" errors="0">
  <testcase name="tappingTest" time="30.578" classname="com.appium.android.Tests.TappingTest"/>
</testsuite> <!-- com.appium.android.Tests.TappingTest -->
