<?xml version="1.0" encoding="UTF-8"?>
<!-- Generated by org.testng.reporters.JUnitReportReporter -->
<testsuite hostname="Admin-PC" name="com.appium.android.Tests.CalculatorTest" tests="2" failures="0" timestamp="14 Jan 2020 19:13:00 GMT" time="58.025" errors="0">
  <testcase name="additionOfTwoNumbersTest" time="30.758" classname="com.appium.android.Tests.CalculatorTest"/>
  <testcase name="multiplicationOfTwoNumbersTest" time="27.267" classname="com.appium.android.Tests.CalculatorTest"/>
</testsuite> <!-- com.appium.android.Tests.CalculatorTest -->
